<?xml version="1.0" encoding="UTF-8"?>
<testng-results skipped="0" failed="0" ignored="0" total="1" passed="1">
  <reporter-output>
  </reporter-output>
  <suite name="Default suite" duration-ms="27941" started-at="2021-11-14T07:47:30Z" finished-at="2021-11-14T07:47:57Z">
    <groups>
    </groups>
    <test name="Default test" duration-ms="27941" started-at="2021-11-14T07:47:30Z" finished-at="2021-11-14T07:47:57Z">
      <class name="com.automation.tests.TestExecution">
        <test-method status="PASS" signature="setExcelData()[pri:0, instance:com.automation.tests.TestExecution@5025a98f]" name="setExcelData" is-config="true" duration-ms="2191" started-at="2021-11-14T07:47:27Z" finished-at="2021-11-14T07:47:30Z">
          <reporter-output>
          </reporter-output>
        </test-method> <!-- setExcelData -->
        <test-method status="PASS" signature="setMethod()[pri:0, instance:com.automation.tests.TestExecution@5025a98f]" name="setMethod" is-config="true" duration-ms="18159" started-at="2021-11-14T07:47:30Z" finished-at="2021-11-14T07:47:48Z">
          <reporter-output>
          </reporter-output>
        </test-method> <!-- setMethod -->
        <test-method status="PASS" signature="executeMethod()[pri:0, instance:com.automation.tests.TestExecution@5025a98f]" name="executeMethod" duration-ms="6204" started-at="2021-11-14T07:47:48Z" finished-at="2021-11-14T07:47:54Z">
          <reporter-output>
          </reporter-output>
        </test-method> <!-- executeMethod -->
        <test-method status="PASS" signature="screenshotMethod(org.testng.ITestResult)[pri:0, instance:com.automation.tests.TestExecution@5025a98f]" name="screenshotMethod" is-config="true" duration-ms="1669" started-at="2021-11-14T07:47:54Z" finished-at="2021-11-14T07:47:56Z">
          <params>
            <param index="0">
              <value>
                <![CDATA[[TestResult name=executeMethod status=SUCCESS method=TestExecution.executeMethod()[pri:0, instance:com.automation.tests.TestExecution@5025a98f] output={null}]]]>
              </value>
            </param>
          </params>
          <reporter-output>
          </reporter-output>
        </test-method> <!-- screenshotMethod -->
        <test-method status="PASS" signature="closeMethod()[pri:0, instance:com.automation.tests.TestExecution@5025a98f]" name="closeMethod" is-config="true" duration-ms="1817" started-at="2021-11-14T07:47:56Z" finished-at="2021-11-14T07:47:57Z">
          <reporter-output>
          </reporter-output>
        </test-method> <!-- closeMethod -->
      </class> <!-- com.automation.tests.TestExecution -->
    </test> <!-- Default test -->
  </suite> <!-- Default suite -->
</testng-results>
